<?xml version="1.0" encoding="UTF-8"?>
<!-- Generated by org.testng.reporters.JUnitXMLReporter -->
<testsuite ignored="0" hostname="Splash-13" failures="0" tests="9" name="Default test" time="54.304" errors="0" timestamp="2022-07-08T22:10:26 IST">
  <testcase classname="rediff_Automation.Rediff_ComposeAndSendMail" name="TC_1" time="2.977"/>
  <testcase classname="rediff_Automation.Rediff_ComposeAndSendMail" name="TC_2" time="0.11"/>
  <testcase classname="rediff_Automation.Rediff_ComposeAndSendMail" name="TC_3" time="0.131"/>
  <testcase classname="rediff_Automation.Rediff_ComposeAndSendMail" name="TC_4" time="5.878"/>
  <testcase classname="rediff_Automation.Rediff_ComposeAndSendMail" name="TC_5" time="10.152"/>
  <testcase classname="rediff_Automation.Rediff_ComposeAndSendMail" name="TC_6" time="0.309"/>
  <testcase classname="rediff_Automation.Rediff_ComposeAndSendMail" name="TC_7" time="0.227"/>
  <testcase classname="rediff_Automation.Rediff_ComposeAndSendMail" name="TC_8" time="0.293"/>
  <testcase classname="rediff_Automation.Rediff_ComposeAndSendMail" name="TC_9" time="0.262"/>
</testsuite> <!-- Default test -->
