<?xml version="1.0" encoding="UTF-8"?>
<testng-results ignored="0" total="9" passed="9" failed="0" skipped="0">
  <reporter-output>
  </reporter-output>
  <suite started-at="2022-07-08T22:09:30 IST" name="Default suite" finished-at="2022-07-08T22:10:24 IST" duration-ms="54304">
    <groups>
    </groups>
    <test started-at="2022-07-08T22:09:30 IST" name="Default test" finished-at="2022-07-08T22:10:24 IST" duration-ms="54304">
      <class name="rediff_Automation.Rediff_ComposeAndSendMail">
        <test-method is-config="true" signature="browserSetup()[pri:0, instance:rediff_Automation.Rediff_ComposeAndSendMail@932bc4a]" started-at="2022-07-08T22:09:30 IST" name="browserSetup" finished-at="2022-07-08T22:10:01 IST" duration-ms="31452" status="PASS">
          <reporter-output>
          </reporter-output>
        </test-method> <!-- browserSetup -->
        <test-method signature="TC_1()[pri:0, instance:rediff_Automation.Rediff_ComposeAndSendMail@932bc4a]" started-at="2022-07-08T22:10:01 IST" name="TC_1" description="Sign in" finished-at="2022-07-08T22:10:04 IST" duration-ms="2977" status="PASS">
          <reporter-output>
          </reporter-output>
        </test-method> <!-- TC_1 -->
        <test-method signature="TC_2()[pri:1, instance:rediff_Automation.Rediff_ComposeAndSendMail@932bc4a]" started-at="2022-07-08T22:10:04 IST" name="TC_2" description="User Name" finished-at="2022-07-08T22:10:05 IST" duration-ms="110" status="PASS">
          <reporter-output>
          </reporter-output>
        </test-method> <!-- TC_2 -->
        <test-method signature="TC_3()[pri:2, instance:rediff_Automation.Rediff_ComposeAndSendMail@932bc4a]" started-at="2022-07-08T22:10:05 IST" name="TC_3" description="Password" finished-at="2022-07-08T22:10:05 IST" duration-ms="131" status="PASS">
          <reporter-output>
          </reporter-output>
        </test-method> <!-- TC_3 -->
        <test-method signature="TC_4()[pri:3, instance:rediff_Automation.Rediff_ComposeAndSendMail@932bc4a]" started-at="2022-07-08T22:10:05 IST" name="TC_4" description="Sign in" finished-at="2022-07-08T22:10:11 IST" duration-ms="5878" status="PASS">
          <reporter-output>
          </reporter-output>
        </test-method> <!-- TC_4 -->
        <test-method signature="TC_5()[pri:4, instance:rediff_Automation.Rediff_ComposeAndSendMail@932bc4a]" started-at="2022-07-08T22:10:11 IST" name="TC_5" description="Write Mail" finished-at="2022-07-08T22:10:21 IST" duration-ms="10152" status="PASS">
          <reporter-output>
          </reporter-output>
        </test-method> <!-- TC_5 -->
        <test-method signature="TC_6()[pri:5, instance:rediff_Automation.Rediff_ComposeAndSendMail@932bc4a]" started-at="2022-07-08T22:10:21 IST" name="TC_6" description="Email ID of the Receiver" finished-at="2022-07-08T22:10:21 IST" duration-ms="309" status="PASS">
          <reporter-output>
          </reporter-output>
        </test-method> <!-- TC_6 -->
        <test-method signature="TC_7()[pri:6, instance:rediff_Automation.Rediff_ComposeAndSendMail@932bc4a]" started-at="2022-07-08T22:10:21 IST" name="TC_7" description="Subject Line" finished-at="2022-07-08T22:10:21 IST" duration-ms="227" status="PASS">
          <reporter-output>
          </reporter-output>
        </test-method> <!-- TC_7 -->
        <test-method signature="TC_8()[pri:7, instance:rediff_Automation.Rediff_ComposeAndSendMail@932bc4a]" started-at="2022-07-08T22:10:21 IST" name="TC_8" description="Compose Email" finished-at="2022-07-08T22:10:22 IST" duration-ms="293" status="PASS">
          <reporter-output>
          </reporter-output>
        </test-method> <!-- TC_8 -->
        <test-method signature="TC_9()[pri:8, instance:rediff_Automation.Rediff_ComposeAndSendMail@932bc4a]" started-at="2022-07-08T22:10:22 IST" name="TC_9" description="Send mail" finished-at="2022-07-08T22:10:22 IST" duration-ms="262" status="PASS">
          <reporter-output>
          </reporter-output>
        </test-method> <!-- TC_9 -->
        <test-method is-config="true" signature="tearDown()[pri:0, instance:rediff_Automation.Rediff_ComposeAndSendMail@932bc4a]" started-at="2022-07-08T22:10:22 IST" name="tearDown" finished-at="2022-07-08T22:10:24 IST" duration-ms="2443" status="PASS">
          <reporter-output>
          </reporter-output>
        </test-method> <!-- tearDown -->
      </class> <!-- rediff_Automation.Rediff_ComposeAndSendMail -->
    </test> <!-- Default test -->
  </suite> <!-- Default suite -->
</testng-results>
